This file contains any messages produced by compilers while
running configure, to aid debugging if configure makes a mistake.

It was created by GNU MP configure 6.3.0, which was
generated by GNU Autoconf 2.69.  Invocation command line was

  $ ../gmp-src/configure --enable-fat --disable-shared --with-pic

## --------- ##
## Platform. ##
## --------- ##

hostname = alvaro-systemproductname
uname -m = x86_64
uname -r = 6.16.1-arch1-1
uname -s = Linux
uname -v = #1 SMP PREEMPT_DYNAMIC Fri, 15 Aug 2025 16:04:43 +0000

/usr/bin/uname -p = unknown
/bin/uname -X     = unknown

/bin/arch              = unknown
/usr/bin/arch -k       = unknown
/usr/convex/getsysinfo = unknown
/usr/bin/hostinfo      = unknown
/bin/machine           = unknown
/usr/bin/oslevel       = unknown
/bin/universe          = unknown

PATH: /home/linuxbrew/.linuxbrew/bin
PATH: /home/linuxbrew/.linuxbrew/sbin
PATH: /home/alvaro/Applications/flutter/bin
PATH: /home/alvaro/.local/bin
PATH: /home/alvaro/.cargo/bin
PATH: /usr/local/sbin
PATH: /usr/local/bin
PATH: /usr/bin
PATH: /home/alvaro/.local/share/flatpak/exports/bin
PATH: /var/lib/flatpak/exports/bin
PATH: /usr/lib/jvm/default/bin
PATH: /usr/bin/site_perl
PATH: /usr/bin/vendor_perl
PATH: /usr/bin/core_perl
PATH: /usr/lib/rustup/bin
PATH: /home/alvaro/.local/share/JetBrains/Toolbox/scripts
PATH: /home/alvaro/.lmstudio/bin


## ----------- ##
## Core tests. ##
## ----------- ##

configure:3056: checking build system type
configure:3070: result: zen4-pc-linux-gnu
configure:3090: checking host system type
configure:3103: result: zen4-pc-linux-gnu
configure:3140: checking for a BSD-compatible install
configure:3208: result: /usr/bin/install -c
configure:3219: checking whether build environment is sane
configure:3274: result: yes
configure:3425: checking for a thread-safe mkdir -p
configure:3464: result: /usr/bin/mkdir -p
configure:3471: checking for gawk
configure:3487: found /usr/bin/gawk
configure:3498: result: gawk
configure:3509: checking whether make sets $(MAKE)
configure:3531: result: yes
configure:3560: checking whether make supports nested variables
configure:3577: result: yes
configure:3706: checking whether to enable maintainer-specific portions of Makefiles
configure:3715: result: no
User:
ABI=
CC=
CFLAGS=(unset)
CPPFLAGS=(unset)
MPN_PATH=
GMP:
abilist=64 x32 32
cclist=gcc icc cc
configure:5911: gcc 2>&1 | grep xlc >/dev/null
configure:5914: $? = 1
configure:5968: checking compiler gcc -O2 -pedantic -fomit-frame-pointer -m64 
Test compile: 
configure:5982: gcc -O2 -pedantic -fomit-frame-pointer -m64  conftest.c >&5
configure:5985: $? = 0
configure:5990: ./a.out || ./b.out || ./a.exe || ./a_out.exe || ./conftest
configure:5993: $? = 0
Test compile: function pointer return
configure:6036: gcc -O2 -pedantic -fomit-frame-pointer -m64  conftest.c >&5
configure:6039: $? = 0
configure:6044: ./a.out || ./b.out || ./a.exe || ./a_out.exe || ./conftest
configure:6047: $? = 0
Test compile: cmov instruction
configure:6092: gcc -O2 -pedantic -fomit-frame-pointer -m64  conftest.c >&5
configure:6095: $? = 0
configure:6100: ./a.out || ./b.out || ./a.exe || ./a_out.exe || ./conftest
configure:6103: $? = 0
Test compile: double -> ulong conversion
configure:6149: gcc -O2 -pedantic -fomit-frame-pointer -m64  conftest.c >&5
configure:6152: $? = 0
configure:6157: ./a.out || ./b.out || ./a.exe || ./a_out.exe || ./conftest
configure:6160: $? = 0
Test compile: double negation
configure:6204: gcc -O2 -pedantic -fomit-frame-pointer -m64  conftest.c >&5
configure:6207: $? = 0
configure:6212: ./a.out || ./b.out || ./a.exe || ./a_out.exe || ./conftest
configure:6215: $? = 0
Test compile: double -> float conversion
configure:6260: gcc -O2 -pedantic -fomit-frame-pointer -m64  conftest.c >&5
configure:6263: $? = 0
configure:6268: ./a.out || ./b.out || ./a.exe || ./a_out.exe || ./conftest
configure:6271: $? = 0
Test compile: gnupro alpha ev6 char spilling
configure:6345: gcc -O2 -pedantic -fomit-frame-pointer -m64  conftest.c >&5
configure:6348: $? = 0
configure:6353: ./a.out || ./b.out || ./a.exe || ./a_out.exe || ./conftest
configure:6356: $? = 0
Test compile: __builtin_alloca availability
configure:6396: gcc -O2 -pedantic -fomit-frame-pointer -m64  conftest.c >&5
conftest.c: In function 'foo':
conftest.c:1:21: warning: ignoring return value of '__builtin_alloca' declared with attribute 'warn_unused_result' [-Wunused-result]
    1 | int k; int foo () { __builtin_alloca (k); }
      |                     ^~~~~~~~~~~~~~~~~~~~
/usr/bin/ld: /usr/lib/gcc/x86_64-pc-linux-gnu/15.2.1/../../../../lib/Scrt1.o: in function `_start':
(.text+0x1b): undefined reference to `main'
collect2: error: ld returned 1 exit status
configure:6399: $? = 1
failed program was:
int k; int foo () { __builtin_alloca (k); }
Test compile: abs int -> double conversion
configure:6520: gcc -O2 -pedantic -fomit-frame-pointer -m64  conftest.c >&5
configure:6523: $? = 0
configure:6528: ./a.out || ./b.out || ./a.exe || ./a_out.exe || ./conftest
configure:6531: $? = 0
Test compile: long long reliability test 1
configure:6585: gcc -O2 -pedantic -fomit-frame-pointer -m64  conftest.c >&5
conftest.c: In function 'f':
conftest.c:12:48: error: too many arguments to function 'g'; expected 0, have 6
   12 | for(i=0;i<1;i++){if(e(got,got,9,d[i].n)==0)h();g(i,d[i].src,d[i].n,got,d[i].want,9);if(d[i].n)h();}}
      |                                                ^ ~
conftest.c:7:6: note: declared here
    7 | void g(){}
      |      ^
configure:6588: $? = 1
failed program was:
/* The following provokes a segfault in the compiler on powerpc-apple-darwin.
   Extracted from tests/mpn/t-iord_u.c.  Causes Apple's gcc 3.3 build 1640 and
   1666 to segfault with e.g., -O2 -mpowerpc64.  */

#if defined (__GNUC__) && ! defined (__cplusplus)
typedef unsigned long long t1;typedef t1*t2;
void g(){}
void h(){}
static __inline__ t1 e(t2 rp,t2 up,int n,t1 v0)
{t1 c,x,r;int i;if(v0){c=1;for(i=1;i<n;i++){x=up[i];r=x+1;rp[i]=r;}}return c;}
void f(){static const struct{t1 n;t1 src[9];t1 want[9];}d[]={{1,{0},{1}},};t1 got[9];int i;
for(i=0;i<1;i++){if(e(got,got,9,d[i].n)==0)h();g(i,d[i].src,d[i].n,got,d[i].want,9);if(d[i].n)h();}}
#else
int dummy;
#endif

int main () { return 0; }
configure:7072: result: no, long long reliability test 1
configure:5889: cc -c conftest.c >&5
configure:5892: $? = 0
configure:5895: checking whether cc is gcc
configure:5897: result: yes
configure:5911: cc 2>&1 | grep xlc >/dev/null
configure:5914: $? = 1
configure:5968: checking compiler cc -O2 -pedantic -fomit-frame-pointer -m64 
Test compile: 
configure:5982: cc -O2 -pedantic -fomit-frame-pointer -m64  conftest.c >&5
configure:5985: $? = 0
configure:5990: ./a.out || ./b.out || ./a.exe || ./a_out.exe || ./conftest
configure:5993: $? = 0
Test compile: function pointer return
configure:6036: cc -O2 -pedantic -fomit-frame-pointer -m64  conftest.c >&5
configure:6039: $? = 0
configure:6044: ./a.out || ./b.out || ./a.exe || ./a_out.exe || ./conftest
configure:6047: $? = 0
Test compile: cmov instruction
configure:6092: cc -O2 -pedantic -fomit-frame-pointer -m64  conftest.c >&5
configure:6095: $? = 0
configure:6100: ./a.out || ./b.out || ./a.exe || ./a_out.exe || ./conftest
configure:6103: $? = 0
Test compile: double -> ulong conversion
configure:6149: cc -O2 -pedantic -fomit-frame-pointer -m64  conftest.c >&5
configure:6152: $? = 0
configure:6157: ./a.out || ./b.out || ./a.exe || ./a_out.exe || ./conftest
configure:6160: $? = 0
Test compile: double negation
configure:6204: cc -O2 -pedantic -fomit-frame-pointer -m64  conftest.c >&5
configure:6207: $? = 0
configure:6212: ./a.out || ./b.out || ./a.exe || ./a_out.exe || ./conftest
configure:6215: $? = 0
Test compile: double -> float conversion
configure:6260: cc -O2 -pedantic -fomit-frame-pointer -m64  conftest.c >&5
configure:6263: $? = 0
configure:6268: ./a.out || ./b.out || ./a.exe || ./a_out.exe || ./conftest
configure:6271: $? = 0
Test compile: gnupro alpha ev6 char spilling
configure:6345: cc -O2 -pedantic -fomit-frame-pointer -m64  conftest.c >&5
configure:6348: $? = 0
configure:6353: ./a.out || ./b.out || ./a.exe || ./a_out.exe || ./conftest
configure:6356: $? = 0
Test compile: __builtin_alloca availability
configure:6396: cc -O2 -pedantic -fomit-frame-pointer -m64  conftest.c >&5
conftest.c: In function 'foo':
conftest.c:1:21: warning: ignoring return value of '__builtin_alloca' declared with attribute 'warn_unused_result' [-Wunused-result]
    1 | int k; int foo () { __builtin_alloca (k); }
      |                     ^~~~~~~~~~~~~~~~~~~~
/usr/bin/ld: /usr/lib/gcc/x86_64-pc-linux-gnu/15.2.1/../../../../lib/Scrt1.o: in function `_start':
(.text+0x1b): undefined reference to `main'
collect2: error: ld returned 1 exit status
configure:6399: $? = 1
failed program was:
int k; int foo () { __builtin_alloca (k); }
Test compile: abs int -> double conversion
configure:6520: cc -O2 -pedantic -fomit-frame-pointer -m64  conftest.c >&5
configure:6523: $? = 0
configure:6528: ./a.out || ./b.out || ./a.exe || ./a_out.exe || ./conftest
configure:6531: $? = 0
Test compile: long long reliability test 1
configure:6585: cc -O2 -pedantic -fomit-frame-pointer -m64  conftest.c >&5
conftest.c: In function 'f':
conftest.c:12:48: error: too many arguments to function 'g'; expected 0, have 6
   12 | for(i=0;i<1;i++){if(e(got,got,9,d[i].n)==0)h();g(i,d[i].src,d[i].n,got,d[i].want,9);if(d[i].n)h();}}
      |                                                ^ ~
conftest.c:7:6: note: declared here
    7 | void g(){}
      |      ^
configure:6588: $? = 1
failed program was:
/* The following provokes a segfault in the compiler on powerpc-apple-darwin.
   Extracted from tests/mpn/t-iord_u.c.  Causes Apple's gcc 3.3 build 1640 and
   1666 to segfault with e.g., -O2 -mpowerpc64.  */

#if defined (__GNUC__) && ! defined (__cplusplus)
typedef unsigned long long t1;typedef t1*t2;
void g(){}
void h(){}
static __inline__ t1 e(t2 rp,t2 up,int n,t1 v0)
{t1 c,x,r;int i;if(v0){c=1;for(i=1;i<n;i++){x=up[i];r=x+1;rp[i]=r;}}return c;}
void f(){static const struct{t1 n;t1 src[9];t1 want[9];}d[]={{1,{0},{1}},};t1 got[9];int i;
for(i=0;i<1;i++){if(e(got,got,9,d[i].n)==0)h();g(i,d[i].src,d[i].n,got,d[i].want,9);if(d[i].n)h();}}
#else
int dummy;
#endif

int main () { return 0; }
configure:7072: result: no, long long reliability test 1
configure:5911: gcc 2>&1 | grep xlc >/dev/null
configure:5914: $? = 1
configure:5968: checking compiler gcc -O2 -pedantic -fomit-frame-pointer -mx32 
Test compile: 
configure:5982: gcc -O2 -pedantic -fomit-frame-pointer -mx32  conftest.c >&5
/usr/bin/ld: skipping incompatible /usr/lib/gcc/x86_64-pc-linux-gnu/15.2.1/libgcc.a when searching for -lgcc
/usr/bin/ld: cannot find -lgcc: No such file or directory
/usr/bin/ld: skipping incompatible /usr/lib/gcc/x86_64-pc-linux-gnu/15.2.1/../../../../lib/libgcc_s.so.1 when searching for libgcc_s.so.1
/usr/bin/ld: skipping incompatible /usr/lib/gcc/x86_64-pc-linux-gnu/15.2.1/../../../../lib/libgcc_s.so.1 when searching for libgcc_s.so.1
/usr/bin/ld: skipping incompatible /lib/../lib/libgcc_s.so.1 when searching for libgcc_s.so.1
/usr/bin/ld: skipping incompatible /usr/lib/../lib/libgcc_s.so.1 when searching for libgcc_s.so.1
/usr/bin/ld: skipping incompatible /usr/lib/gcc/x86_64-pc-linux-gnu/15.2.1/../../../libgcc_s.so.1 when searching for libgcc_s.so.1
/usr/bin/ld: skipping incompatible /lib/libgcc_s.so.1 when searching for libgcc_s.so.1
/usr/bin/ld: skipping incompatible /usr/lib/libgcc_s.so.1 when searching for libgcc_s.so.1
/usr/bin/ld: skipping incompatible /usr/lib/libgcc_s.so.1 when searching for libgcc_s.so.1
/usr/bin/ld: cannot find libgcc_s.so.1: No such file or directory
/usr/bin/ld: skipping incompatible /usr/lib/gcc/x86_64-pc-linux-gnu/15.2.1/../../../../lib/libgcc_s.so.1 when searching for libgcc_s.so.1
/usr/bin/ld: skipping incompatible /lib/../lib/libgcc_s.so.1 when searching for libgcc_s.so.1
/usr/bin/ld: skipping incompatible /usr/lib/../lib/libgcc_s.so.1 when searching for libgcc_s.so.1
/usr/bin/ld: skipping incompatible /usr/lib/gcc/x86_64-pc-linux-gnu/15.2.1/../../../libgcc_s.so.1 when searching for libgcc_s.so.1
/usr/bin/ld: skipping incompatible /lib/libgcc_s.so.1 when searching for libgcc_s.so.1
/usr/bin/ld: skipping incompatible /usr/lib/libgcc_s.so.1 when searching for libgcc_s.so.1
/usr/bin/ld: skipping incompatible /usr/lib/libgcc_s.so.1 when searching for libgcc_s.so.1
/usr/bin/ld: skipping incompatible /usr/lib/gcc/x86_64-pc-linux-gnu/15.2.1/libgcc.a when searching for -lgcc
/usr/bin/ld: cannot find -lgcc: No such file or directory
collect2: error: ld returned 1 exit status
configure:5985: $? = 1
failed program was:

int main () { return 0; }
configure:7072: result: no
configure:5889: cc -c conftest.c >&5
configure:5892: $? = 0
configure:5895: checking whether cc is gcc
configure:5897: result: yes
configure:5911: cc 2>&1 | grep xlc >/dev/null
configure:5914: $? = 1
configure:5968: checking compiler cc -O2 -pedantic -fomit-frame-pointer -mx32 
Test compile: 
configure:5982: cc -O2 -pedantic -fomit-frame-pointer -mx32  conftest.c >&5
/usr/bin/ld: skipping incompatible /usr/lib/gcc/x86_64-pc-linux-gnu/15.2.1/libgcc.a when searching for -lgcc
/usr/bin/ld: cannot find -lgcc: No such file or directory
/usr/bin/ld: skipping incompatible /usr/lib/gcc/x86_64-pc-linux-gnu/15.2.1/../../../../lib/libgcc_s.so.1 when searching for libgcc_s.so.1
/usr/bin/ld: skipping incompatible /usr/lib/gcc/x86_64-pc-linux-gnu/15.2.1/../../../../lib/libgcc_s.so.1 when searching for libgcc_s.so.1
/usr/bin/ld: skipping incompatible /lib/../lib/libgcc_s.so.1 when searching for libgcc_s.so.1
/usr/bin/ld: skipping incompatible /usr/lib/../lib/libgcc_s.so.1 when searching for libgcc_s.so.1
/usr/bin/ld: skipping incompatible /usr/lib/gcc/x86_64-pc-linux-gnu/15.2.1/../../../libgcc_s.so.1 when searching for libgcc_s.so.1
/usr/bin/ld: skipping incompatible /lib/libgcc_s.so.1 when searching for libgcc_s.so.1
/usr/bin/ld: skipping incompatible /usr/lib/libgcc_s.so.1 when searching for libgcc_s.so.1
/usr/bin/ld: skipping incompatible /usr/lib/libgcc_s.so.1 when searching for libgcc_s.so.1
/usr/bin/ld: cannot find libgcc_s.so.1: No such file or directory
/usr/bin/ld: skipping incompatible /usr/lib/gcc/x86_64-pc-linux-gnu/15.2.1/../../../../lib/libgcc_s.so.1 when searching for libgcc_s.so.1
/usr/bin/ld: skipping incompatible /lib/../lib/libgcc_s.so.1 when searching for libgcc_s.so.1
/usr/bin/ld: skipping incompatible /usr/lib/../lib/libgcc_s.so.1 when searching for libgcc_s.so.1
/usr/bin/ld: skipping incompatible /usr/lib/gcc/x86_64-pc-linux-gnu/15.2.1/../../../libgcc_s.so.1 when searching for libgcc_s.so.1
/usr/bin/ld: skipping incompatible /lib/libgcc_s.so.1 when searching for libgcc_s.so.1
/usr/bin/ld: skipping incompatible /usr/lib/libgcc_s.so.1 when searching for libgcc_s.so.1
/usr/bin/ld: skipping incompatible /usr/lib/libgcc_s.so.1 when searching for libgcc_s.so.1
/usr/bin/ld: skipping incompatible /usr/lib/gcc/x86_64-pc-linux-gnu/15.2.1/libgcc.a when searching for -lgcc
/usr/bin/ld: cannot find -lgcc: No such file or directory
collect2: error: ld returned 1 exit status
configure:5985: $? = 1
failed program was:

int main () { return 0; }
configure:7072: result: no
configure:5911: gcc 2>&1 | grep xlc >/dev/null
configure:5914: $? = 1
configure:5968: checking compiler gcc -m32 -O2 -pedantic -fomit-frame-pointer 
Test compile: 
configure:5982: gcc -m32 -O2 -pedantic -fomit-frame-pointer  conftest.c >&5
configure:5985: $? = 0
configure:5990: ./a.out || ./b.out || ./a.exe || ./a_out.exe || ./conftest
configure:5993: $? = 0
Test compile: function pointer return
configure:6036: gcc -m32 -O2 -pedantic -fomit-frame-pointer  conftest.c >&5
configure:6039: $? = 0
configure:6044: ./a.out || ./b.out || ./a.exe || ./a_out.exe || ./conftest
configure:6047: $? = 0
Test compile: cmov instruction
configure:6092: gcc -m32 -O2 -pedantic -fomit-frame-pointer  conftest.c >&5
configure:6095: $? = 0
configure:6100: ./a.out || ./b.out || ./a.exe || ./a_out.exe || ./conftest
configure:6103: $? = 0
Test compile: double -> ulong conversion
configure:6149: gcc -m32 -O2 -pedantic -fomit-frame-pointer  conftest.c >&5
configure:6152: $? = 0
configure:6157: ./a.out || ./b.out || ./a.exe || ./a_out.exe || ./conftest
configure:6160: $? = 0
Test compile: double negation
configure:6204: gcc -m32 -O2 -pedantic -fomit-frame-pointer  conftest.c >&5
configure:6207: $? = 0
configure:6212: ./a.out || ./b.out || ./a.exe || ./a_out.exe || ./conftest
configure:6215: $? = 0
Test compile: double -> float conversion
configure:6260: gcc -m32 -O2 -pedantic -fomit-frame-pointer  conftest.c >&5
configure:6263: $? = 0
configure:6268: ./a.out || ./b.out || ./a.exe || ./a_out.exe || ./conftest
configure:6271: $? = 0
Test compile: gnupro alpha ev6 char spilling
configure:6345: gcc -m32 -O2 -pedantic -fomit-frame-pointer  conftest.c >&5
configure:6348: $? = 0
configure:6353: ./a.out || ./b.out || ./a.exe || ./a_out.exe || ./conftest
configure:6356: $? = 0
Test compile: __builtin_alloca availability
configure:6396: gcc -m32 -O2 -pedantic -fomit-frame-pointer  conftest.c >&5
conftest.c: In function 'foo':
conftest.c:1:21: warning: ignoring return value of '__builtin_alloca' declared with attribute 'warn_unused_result' [-Wunused-result]
    1 | int k; int foo () { __builtin_alloca (k); }
      |                     ^~~~~~~~~~~~~~~~~~~~
/usr/bin/ld: /usr/lib/gcc/x86_64-pc-linux-gnu/15.2.1/../../../../lib32/Scrt1.o: in function `_start':
(.text+0x1e): undefined reference to `main'
collect2: error: ld returned 1 exit status
configure:6399: $? = 1
failed program was:
int k; int foo () { __builtin_alloca (k); }
Test compile: abs int -> double conversion
configure:6520: gcc -m32 -O2 -pedantic -fomit-frame-pointer  conftest.c >&5
configure:6523: $? = 0
configure:6528: ./a.out || ./b.out || ./a.exe || ./a_out.exe || ./conftest
configure:6531: $? = 0
Test compile: long long reliability test 1
configure:6585: gcc -m32 -O2 -pedantic -fomit-frame-pointer  conftest.c >&5
conftest.c: In function 'f':
conftest.c:12:48: error: too many arguments to function 'g'; expected 0, have 6
   12 | for(i=0;i<1;i++){if(e(got,got,9,d[i].n)==0)h();g(i,d[i].src,d[i].n,got,d[i].want,9);if(d[i].n)h();}}
      |                                                ^ ~
conftest.c:7:6: note: declared here
    7 | void g(){}
      |      ^
configure:6588: $? = 1
failed program was:
/* The following provokes a segfault in the compiler on powerpc-apple-darwin.
   Extracted from tests/mpn/t-iord_u.c.  Causes Apple's gcc 3.3 build 1640 and
   1666 to segfault with e.g., -O2 -mpowerpc64.  */

#if defined (__GNUC__) && ! defined (__cplusplus)
typedef unsigned long long t1;typedef t1*t2;
void g(){}
void h(){}
static __inline__ t1 e(t2 rp,t2 up,int n,t1 v0)
{t1 c,x,r;int i;if(v0){c=1;for(i=1;i<n;i++){x=up[i];r=x+1;rp[i]=r;}}return c;}
void f(){static const struct{t1 n;t1 src[9];t1 want[9];}d[]={{1,{0},{1}},};t1 got[9];int i;
for(i=0;i<1;i++){if(e(got,got,9,d[i].n)==0)h();g(i,d[i].src,d[i].n,got,d[i].want,9);if(d[i].n)h();}}
#else
int dummy;
#endif

int main () { return 0; }
configure:7072: result: no, long long reliability test 1
configure:5968: checking compiler gcc -O2 -pedantic -fomit-frame-pointer 
Test compile: 
configure:5982: gcc -O2 -pedantic -fomit-frame-pointer  conftest.c >&5
configure:5985: $? = 0
configure:5990: ./a.out || ./b.out || ./a.exe || ./a_out.exe || ./conftest
configure:5993: $? = 0
Test compile: function pointer return
configure:6036: gcc -O2 -pedantic -fomit-frame-pointer  conftest.c >&5
configure:6039: $? = 0
configure:6044: ./a.out || ./b.out || ./a.exe || ./a_out.exe || ./conftest
configure:6047: $? = 0
Test compile: cmov instruction
configure:6092: gcc -O2 -pedantic -fomit-frame-pointer  conftest.c >&5
configure:6095: $? = 0
configure:6100: ./a.out || ./b.out || ./a.exe || ./a_out.exe || ./conftest
configure:6103: $? = 0
Test compile: double -> ulong conversion
configure:6149: gcc -O2 -pedantic -fomit-frame-pointer  conftest.c >&5
configure:6152: $? = 0
configure:6157: ./a.out || ./b.out || ./a.exe || ./a_out.exe || ./conftest
configure:6160: $? = 0
Test compile: double negation
configure:6204: gcc -O2 -pedantic -fomit-frame-pointer  conftest.c >&5
configure:6207: $? = 0
configure:6212: ./a.out || ./b.out || ./a.exe || ./a_out.exe || ./conftest
configure:6215: $? = 0
Test compile: double -> float conversion
configure:6260: gcc -O2 -pedantic -fomit-frame-pointer  conftest.c >&5
configure:6263: $? = 0
configure:6268: ./a.out || ./b.out || ./a.exe || ./a_out.exe || ./conftest
configure:6271: $? = 0
Test compile: gnupro alpha ev6 char spilling
configure:6345: gcc -O2 -pedantic -fomit-frame-pointer  conftest.c >&5
configure:6348: $? = 0
configure:6353: ./a.out || ./b.out || ./a.exe || ./a_out.exe || ./conftest
configure:6356: $? = 0
Test compile: __builtin_alloca availability
configure:6396: gcc -O2 -pedantic -fomit-frame-pointer  conftest.c >&5
conftest.c: In function 'foo':
conftest.c:1:21: warning: ignoring return value of '__builtin_alloca' declared with attribute 'warn_unused_result' [-Wunused-result]
    1 | int k; int foo () { __builtin_alloca (k); }
      |                     ^~~~~~~~~~~~~~~~~~~~
/usr/bin/ld: /usr/lib/gcc/x86_64-pc-linux-gnu/15.2.1/../../../../lib/Scrt1.o: in function `_start':
(.text+0x1b): undefined reference to `main'
collect2: error: ld returned 1 exit status
configure:6399: $? = 1
failed program was:
int k; int foo () { __builtin_alloca (k); }
Test compile: abs int -> double conversion
configure:6520: gcc -O2 -pedantic -fomit-frame-pointer  conftest.c >&5
configure:6523: $? = 0
configure:6528: ./a.out || ./b.out || ./a.exe || ./a_out.exe || ./conftest
configure:6531: $? = 0
Test compile: long long reliability test 1
configure:6585: gcc -O2 -pedantic -fomit-frame-pointer  conftest.c >&5
conftest.c: In function 'f':
conftest.c:12:48: error: too many arguments to function 'g'; expected 0, have 6
   12 | for(i=0;i<1;i++){if(e(got,got,9,d[i].n)==0)h();g(i,d[i].src,d[i].n,got,d[i].want,9);if(d[i].n)h();}}
      |                                                ^ ~
conftest.c:7:6: note: declared here
    7 | void g(){}
      |      ^
configure:6588: $? = 1
failed program was:
/* The following provokes a segfault in the compiler on powerpc-apple-darwin.
   Extracted from tests/mpn/t-iord_u.c.  Causes Apple's gcc 3.3 build 1640 and
   1666 to segfault with e.g., -O2 -mpowerpc64.  */

#if defined (__GNUC__) && ! defined (__cplusplus)
typedef unsigned long long t1;typedef t1*t2;
void g(){}
void h(){}
static __inline__ t1 e(t2 rp,t2 up,int n,t1 v0)
{t1 c,x,r;int i;if(v0){c=1;for(i=1;i<n;i++){x=up[i];r=x+1;rp[i]=r;}}return c;}
void f(){static const struct{t1 n;t1 src[9];t1 want[9];}d[]={{1,{0},{1}},};t1 got[9];int i;
for(i=0;i<1;i++){if(e(got,got,9,d[i].n)==0)h();g(i,d[i].src,d[i].n,got,d[i].want,9);if(d[i].n)h();}}
#else
int dummy;
#endif

int main () { return 0; }
configure:7072: result: no, long long reliability test 1
configure:5889: icc -c conftest.c >&5
../gmp-src/configure: line 5890: icc: orden no encontrada
configure:5892: $? = 127
configure:5911: icc 2>&1 | grep xlc >/dev/null
configure:5914: $? = 1
configure:5968: checking compiler icc -no-gcc 
Test compile: 
configure:5982: icc -no-gcc  conftest.c >&5
../gmp-src/configure: line 5983: icc: orden no encontrada
configure:5985: $? = 127
failed program was:

int main () { return 0; }
configure:7072: result: no
configure:5889: cc -c conftest.c >&5
configure:5892: $? = 0
configure:5895: checking whether cc is gcc
configure:5897: result: yes
configure:5911: cc 2>&1 | grep xlc >/dev/null
configure:5914: $? = 1
configure:5968: checking compiler cc -m32 -O2 -pedantic -fomit-frame-pointer 
Test compile: 
configure:5982: cc -m32 -O2 -pedantic -fomit-frame-pointer  conftest.c >&5
configure:5985: $? = 0
configure:5990: ./a.out || ./b.out || ./a.exe || ./a_out.exe || ./conftest
configure:5993: $? = 0
Test compile: function pointer return
configure:6036: cc -m32 -O2 -pedantic -fomit-frame-pointer  conftest.c >&5
configure:6039: $? = 0
configure:6044: ./a.out || ./b.out || ./a.exe || ./a_out.exe || ./conftest
configure:6047: $? = 0
Test compile: cmov instruction
configure:6092: cc -m32 -O2 -pedantic -fomit-frame-pointer  conftest.c >&5
configure:6095: $? = 0
configure:6100: ./a.out || ./b.out || ./a.exe || ./a_out.exe || ./conftest
configure:6103: $? = 0
Test compile: double -> ulong conversion
configure:6149: cc -m32 -O2 -pedantic -fomit-frame-pointer  conftest.c >&5
configure:6152: $? = 0
configure:6157: ./a.out || ./b.out || ./a.exe || ./a_out.exe || ./conftest
configure:6160: $? = 0
Test compile: double negation
configure:6204: cc -m32 -O2 -pedantic -fomit-frame-pointer  conftest.c >&5
configure:6207: $? = 0
configure:6212: ./a.out || ./b.out || ./a.exe || ./a_out.exe || ./conftest
configure:6215: $? = 0
Test compile: double -> float conversion
configure:6260: cc -m32 -O2 -pedantic -fomit-frame-pointer  conftest.c >&5
configure:6263: $? = 0
configure:6268: ./a.out || ./b.out || ./a.exe || ./a_out.exe || ./conftest
configure:6271: $? = 0
Test compile: gnupro alpha ev6 char spilling
configure:6345: cc -m32 -O2 -pedantic -fomit-frame-pointer  conftest.c >&5
configure:6348: $? = 0
configure:6353: ./a.out || ./b.out || ./a.exe || ./a_out.exe || ./conftest
configure:6356: $? = 0
Test compile: __builtin_alloca availability
configure:6396: cc -m32 -O2 -pedantic -fomit-frame-pointer  conftest.c >&5
conftest.c: In function 'foo':
conftest.c:1:21: warning: ignoring return value of '__builtin_alloca' declared with attribute 'warn_unused_result' [-Wunused-result]
    1 | int k; int foo () { __builtin_alloca (k); }
      |                     ^~~~~~~~~~~~~~~~~~~~
/usr/bin/ld: /usr/lib/gcc/x86_64-pc-linux-gnu/15.2.1/../../../../lib32/Scrt1.o: in function `_start':
(.text+0x1e): undefined reference to `main'
collect2: error: ld returned 1 exit status
configure:6399: $? = 1
failed program was:
int k; int foo () { __builtin_alloca (k); }
Test compile: abs int -> double conversion
configure:6520: cc -m32 -O2 -pedantic -fomit-frame-pointer  conftest.c >&5
configure:6523: $? = 0
configure:6528: ./a.out || ./b.out || ./a.exe || ./a_out.exe || ./conftest
configure:6531: $? = 0
Test compile: long long reliability test 1
configure:6585: cc -m32 -O2 -pedantic -fomit-frame-pointer  conftest.c >&5
conftest.c: In function 'f':
conftest.c:12:48: error: too many arguments to function 'g'; expected 0, have 6
   12 | for(i=0;i<1;i++){if(e(got,got,9,d[i].n)==0)h();g(i,d[i].src,d[i].n,got,d[i].want,9);if(d[i].n)h();}}
      |                                                ^ ~
conftest.c:7:6: note: declared here
    7 | void g(){}
      |      ^
configure:6588: $? = 1
failed program was:
/* The following provokes a segfault in the compiler on powerpc-apple-darwin.
   Extracted from tests/mpn/t-iord_u.c.  Causes Apple's gcc 3.3 build 1640 and
   1666 to segfault with e.g., -O2 -mpowerpc64.  */

#if defined (__GNUC__) && ! defined (__cplusplus)
typedef unsigned long long t1;typedef t1*t2;
void g(){}
void h(){}
static __inline__ t1 e(t2 rp,t2 up,int n,t1 v0)
{t1 c,x,r;int i;if(v0){c=1;for(i=1;i<n;i++){x=up[i];r=x+1;rp[i]=r;}}return c;}
void f(){static const struct{t1 n;t1 src[9];t1 want[9];}d[]={{1,{0},{1}},};t1 got[9];int i;
for(i=0;i<1;i++){if(e(got,got,9,d[i].n)==0)h();g(i,d[i].src,d[i].n,got,d[i].want,9);if(d[i].n)h();}}
#else
int dummy;
#endif

int main () { return 0; }
configure:7072: result: no, long long reliability test 1
configure:5968: checking compiler cc -O2 -pedantic -fomit-frame-pointer 
Test compile: 
configure:5982: cc -O2 -pedantic -fomit-frame-pointer  conftest.c >&5
configure:5985: $? = 0
configure:5990: ./a.out || ./b.out || ./a.exe || ./a_out.exe || ./conftest
configure:5993: $? = 0
Test compile: function pointer return
configure:6036: cc -O2 -pedantic -fomit-frame-pointer  conftest.c >&5
configure:6039: $? = 0
configure:6044: ./a.out || ./b.out || ./a.exe || ./a_out.exe || ./conftest
configure:6047: $? = 0
Test compile: cmov instruction
configure:6092: cc -O2 -pedantic -fomit-frame-pointer  conftest.c >&5
configure:6095: $? = 0
configure:6100: ./a.out || ./b.out || ./a.exe || ./a_out.exe || ./conftest
configure:6103: $? = 0
Test compile: double -> ulong conversion
configure:6149: cc -O2 -pedantic -fomit-frame-pointer  conftest.c >&5
configure:6152: $? = 0
configure:6157: ./a.out || ./b.out || ./a.exe || ./a_out.exe || ./conftest
configure:6160: $? = 0
Test compile: double negation
configure:6204: cc -O2 -pedantic -fomit-frame-pointer  conftest.c >&5
configure:6207: $? = 0
configure:6212: ./a.out || ./b.out || ./a.exe || ./a_out.exe || ./conftest
configure:6215: $? = 0
Test compile: double -> float conversion
configure:6260: cc -O2 -pedantic -fomit-frame-pointer  conftest.c >&5
configure:6263: $? = 0
configure:6268: ./a.out || ./b.out || ./a.exe || ./a_out.exe || ./conftest
configure:6271: $? = 0
Test compile: gnupro alpha ev6 char spilling
configure:6345: cc -O2 -pedantic -fomit-frame-pointer  conftest.c >&5
configure:6348: $? = 0
configure:6353: ./a.out || ./b.out || ./a.exe || ./a_out.exe || ./conftest
configure:6356: $? = 0
Test compile: __builtin_alloca availability
configure:6396: cc -O2 -pedantic -fomit-frame-pointer  conftest.c >&5
conftest.c: In function 'foo':
conftest.c:1:21: warning: ignoring return value of '__builtin_alloca' declared with attribute 'warn_unused_result' [-Wunused-result]
    1 | int k; int foo () { __builtin_alloca (k); }
      |                     ^~~~~~~~~~~~~~~~~~~~
/usr/bin/ld: /usr/lib/gcc/x86_64-pc-linux-gnu/15.2.1/../../../../lib/Scrt1.o: in function `_start':
(.text+0x1b): undefined reference to `main'
collect2: error: ld returned 1 exit status
configure:6399: $? = 1
failed program was:
int k; int foo () { __builtin_alloca (k); }
Test compile: abs int -> double conversion
configure:6520: cc -O2 -pedantic -fomit-frame-pointer  conftest.c >&5
configure:6523: $? = 0
configure:6528: ./a.out || ./b.out || ./a.exe || ./a_out.exe || ./conftest
configure:6531: $? = 0
Test compile: long long reliability test 1
configure:6585: cc -O2 -pedantic -fomit-frame-pointer  conftest.c >&5
conftest.c: In function 'f':
conftest.c:12:48: error: too many arguments to function 'g'; expected 0, have 6
   12 | for(i=0;i<1;i++){if(e(got,got,9,d[i].n)==0)h();g(i,d[i].src,d[i].n,got,d[i].want,9);if(d[i].n)h();}}
      |                                                ^ ~
conftest.c:7:6: note: declared here
    7 | void g(){}
      |      ^
configure:6588: $? = 1
failed program was:
/* The following provokes a segfault in the compiler on powerpc-apple-darwin.
   Extracted from tests/mpn/t-iord_u.c.  Causes Apple's gcc 3.3 build 1640 and
   1666 to segfault with e.g., -O2 -mpowerpc64.  */

#if defined (__GNUC__) && ! defined (__cplusplus)
typedef unsigned long long t1;typedef t1*t2;
void g(){}
void h(){}
static __inline__ t1 e(t2 rp,t2 up,int n,t1 v0)
{t1 c,x,r;int i;if(v0){c=1;for(i=1;i<n;i++){x=up[i];r=x+1;rp[i]=r;}}return c;}
void f(){static const struct{t1 n;t1 src[9];t1 want[9];}d[]={{1,{0},{1}},};t1 got[9];int i;
for(i=0;i<1;i++){if(e(got,got,9,d[i].n)==0)h();g(i,d[i].src,d[i].n,got,d[i].want,9);if(d[i].n)h();}}
#else
int dummy;
#endif

int main () { return 0; }
configure:7072: result: no, long long reliability test 1
configure:7310: error: could not find a working compiler, see config.log for details

## ---------------- ##
## Cache variables. ##
## ---------------- ##

ac_cv_build=zen4-pc-linux-gnu
ac_cv_env_ABI_set=
ac_cv_env_ABI_value=
ac_cv_env_CCC_set=
ac_cv_env_CCC_value=
ac_cv_env_CC_FOR_BUILD_set=
ac_cv_env_CC_FOR_BUILD_value=
ac_cv_env_CC_set=
ac_cv_env_CC_value=
ac_cv_env_CFLAGS_set=
ac_cv_env_CFLAGS_value=
ac_cv_env_CPPFLAGS_set=
ac_cv_env_CPPFLAGS_value=
ac_cv_env_CPP_FOR_BUILD_set=
ac_cv_env_CPP_FOR_BUILD_value=
ac_cv_env_CPP_set=
ac_cv_env_CPP_value=
ac_cv_env_CXXCPP_set=
ac_cv_env_CXXCPP_value=
ac_cv_env_CXXFLAGS_set=
ac_cv_env_CXXFLAGS_value=
ac_cv_env_CXX_set=
ac_cv_env_CXX_value=
ac_cv_env_LDFLAGS_set=
ac_cv_env_LDFLAGS_value=
ac_cv_env_LIBS_set=
ac_cv_env_LIBS_value=
ac_cv_env_LT_SYS_LIBRARY_PATH_set=
ac_cv_env_LT_SYS_LIBRARY_PATH_value=
ac_cv_env_M4_set=
ac_cv_env_M4_value=
ac_cv_env_YACC_set=
ac_cv_env_YACC_value=
ac_cv_env_YFLAGS_set=
ac_cv_env_YFLAGS_value=
ac_cv_env_build_alias_set=
ac_cv_env_build_alias_value=
ac_cv_env_host_alias_set=
ac_cv_env_host_alias_value=
ac_cv_env_target_alias_set=
ac_cv_env_target_alias_value=
ac_cv_host=zen4-pc-linux-gnu
ac_cv_path_install='/usr/bin/install -c'
ac_cv_path_mkdir=/usr/bin/mkdir
ac_cv_prog_AWK=gawk
ac_cv_prog_make_make_set=yes
am_cv_make_support_nested_variables=yes

## ----------------- ##
## Output variables. ##
## ----------------- ##

ABI=''
ACLOCAL='${SHELL} /home/alvaro/fib-rug/target/debug/build/gmp-mpfr-sys-561f2ff871e8386d/out/build/gmp-src/missing aclocal-1.15'
AMTAR='$${TAR-tar}'
AM_BACKSLASH='\'
AM_DEFAULT_V='$(AM_DEFAULT_VERBOSITY)'
AM_DEFAULT_VERBOSITY='1'
AM_V='$(V)'
AR=''
AS=''
ASMFLAGS=''
AUTOCONF='${SHELL} /home/alvaro/fib-rug/target/debug/build/gmp-mpfr-sys-561f2ff871e8386d/out/build/gmp-src/missing autoconf'
AUTOHEADER='${SHELL} /home/alvaro/fib-rug/target/debug/build/gmp-mpfr-sys-561f2ff871e8386d/out/build/gmp-src/missing autoheader'
AUTOMAKE='${SHELL} /home/alvaro/fib-rug/target/debug/build/gmp-mpfr-sys-561f2ff871e8386d/out/build/gmp-src/missing automake-1.15'
AWK='gawk'
CALLING_CONVENTIONS_OBJS='x86call.lo x86check$U.lo'
CC=''
CCAS=''
CC_FOR_BUILD=''
CFLAGS=''
CPP=''
CPPFLAGS=''
CPP_FOR_BUILD=''
CXX=''
CXXCPP=''
CXXFLAGS=''
CYGPATH_W='echo'
DEFN_LONG_LONG_LIMB=''
DEFS=''
DLLTOOL=''
DSYMUTIL=''
DUMPBIN=''
ECHO_C=''
ECHO_N='-n'
ECHO_T=''
EGREP=''
ENABLE_STATIC_FALSE=''
ENABLE_STATIC_TRUE=''
EXEEXT=''
EXEEXT_FOR_BUILD=''
FGREP=''
GMP_LDFLAGS=''
GMP_LIMB_BITS=''
GMP_NAIL_BITS='0'
GREP=''
HAVE_CLOCK_01=''
HAVE_CPUTIME_01=''
HAVE_GETRUSAGE_01=''
HAVE_GETTIMEOFDAY_01=''
HAVE_HOST_CPU_FAMILY_power='0'
HAVE_HOST_CPU_FAMILY_powerpc='0'
HAVE_SIGACTION_01=''
HAVE_SIGALTSTACK_01=''
HAVE_SIGSTACK_01=''
HAVE_STACK_T_01=''
HAVE_SYS_RESOURCE_H_01=''
INSTALL_DATA='${INSTALL} -m 644'
INSTALL_PROGRAM='${INSTALL}'
INSTALL_SCRIPT='${INSTALL}'
INSTALL_STRIP_PROGRAM='$(install_sh) -c -s'
LD=''
LDFLAGS=''
LEX=''
LEXLIB=''
LEX_OUTPUT_ROOT=''
LIBCURSES=''
LIBGMPXX_LDFLAGS=''
LIBGMP_DLL=''
LIBGMP_LDFLAGS=''
LIBM=''
LIBM_FOR_BUILD=''
LIBOBJS=''
LIBREADLINE=''
LIBS=''
LIBTOOL=''
LIPO=''
LN_S=''
LTLIBOBJS=''
LT_SYS_LIBRARY_PATH=''
M4=''
MAINT='#'
MAINTAINER_MODE_FALSE=''
MAINTAINER_MODE_TRUE='#'
MAKEINFO='${SHELL} /home/alvaro/fib-rug/target/debug/build/gmp-mpfr-sys-561f2ff871e8386d/out/build/gmp-src/missing makeinfo'
MANIFEST_TOOL=''
MKDIR_P='/usr/bin/mkdir -p'
NM=''
NMEDIT=''
OBJDUMP=''
OBJEXT=''
OTOOL64=''
OTOOL=''
PACKAGE='gmp'
PACKAGE_BUGREPORT='gmp-bugs@gmplib.org (see https://gmplib.org/manual/Reporting-Bugs.html)'
PACKAGE_NAME='GNU MP'
PACKAGE_STRING='GNU MP 6.3.0'
PACKAGE_TARNAME='gmp'
PACKAGE_URL='http://www.gnu.org/software/gmp/'
PACKAGE_VERSION='6.3.0'
PATH_SEPARATOR=':'
RANLIB=''
SED=''
SET_MAKE=''
SHELL='/bin/sh'
SPEED_CYCLECOUNTER_OBJ='pentium.lo'
STRIP=''
TAL_OBJECT=''
TUNE_LIBS=''
TUNE_SQR_OBJ=''
U_FOR_BUILD=''
VERSION='6.3.0'
WANT_CXX_FALSE=''
WANT_CXX_TRUE=''
WITH_READLINE_01=''
YACC=''
YFLAGS=''
ac_ct_AR=''
ac_ct_CC=''
ac_ct_CXX=''
ac_ct_DUMPBIN=''
am__EXEEXT_FALSE=''
am__EXEEXT_TRUE=''
am__isrc=' -I$(srcdir)'
am__leading_dot='.'
am__tar='$${TAR-tar} chof - "$$tardir"'
am__untar='$${TAR-tar} xf -'
bindir='${exec_prefix}/bin'
build='zen4-pc-linux-gnu'
build_alias=''
build_cpu='zen4'
build_os='linux-gnu'
build_vendor='pc'
datadir='${datarootdir}'
datarootdir='${prefix}/share'
docdir='${datarootdir}/doc/${PACKAGE_TARNAME}'
dvidir='${docdir}'
exec_prefix='NONE'
gmp_srclinks=''
host='zen4-pc-linux-gnu'
host_alias=''
host_cpu='zen4'
host_os='linux-gnu'
host_vendor='pc'
htmldir='${docdir}'
includedir='${prefix}/include'
infodir='${datarootdir}/info'
install_sh='${SHELL} /home/alvaro/fib-rug/target/debug/build/gmp-mpfr-sys-561f2ff871e8386d/out/build/gmp-src/install-sh'
libdir='${exec_prefix}/lib'
libexecdir='${exec_prefix}/libexec'
localedir='${datarootdir}/locale'
localstatedir='${prefix}/var'
mandir='${datarootdir}/man'
mkdir_p='$(MKDIR_P)'
mpn_objects=''
mpn_objs_in_libgmp=''
oldincludedir='/usr/include'
pdfdir='${docdir}'
prefix='NONE'
program_transform_name='s,x,x,'
psdir='${docdir}'
sbindir='${exec_prefix}/sbin'
sharedstatedir='${prefix}/com'
sysconfdir='${prefix}/etc'
target_alias=''

## ----------- ##
## confdefs.h. ##
## ----------- ##

/* confdefs.h */
#define PACKAGE_NAME "GNU MP"
#define PACKAGE_TARNAME "gmp"
#define PACKAGE_VERSION "6.3.0"
#define PACKAGE_STRING "GNU MP 6.3.0"
#define PACKAGE_BUGREPORT "gmp-bugs@gmplib.org (see https://gmplib.org/manual/Reporting-Bugs.html)"
#define PACKAGE_URL "http://www.gnu.org/software/gmp/"
#define PACKAGE "gmp"
#define VERSION "6.3.0"
#define WANT_FFT 1
#define HAVE_HOST_CPU_zen4 1

configure: exit 1
